This is pdfTeX, Version 3.141592653-2.6-1.40.24 (TeX Live 2022) (preloaded format=pdflatex 2022.11.13)  18 APR 2023 17:44
entering extended mode
 restricted \write18 enabled.
 file:line:error style messages enabled.
 %&-line parsing enabled.
**/mnt/c/Users/joelk/Documents/FortgeschrittenesPraktikum/v46/vXXX.tex
(/mnt/c/Users/joelk/Documents/FortgeschrittenesPraktikum/v46/vXXX.tex
LaTeX2e <2022-11-01>
L3 programming layer <2022-11-02>

! LaTeX Error: File `header.tex' not found.

Type X to quit or <RETURN> to proceed,
or enter new name. (Default extension: tex)

Enter file name: 
/mnt/c/Users/joelk/Documents/FortgeschrittenesPraktikum/v46/vXXX.tex:1: Emergency stop.
<read *> 
         
l.1 \input{header.tex}
                      ^^M
*** (cannot \read from terminal in nonstop modes)

 
Here is how much of TeX's memory you used:
 20 strings out of 474971
 587 string characters out of 5772635
 342070 words of memory out of 5000000
 21621 multiletter control sequences out of 15000+600000
 469259 words of font info for 28 fonts, out of 8000000 for 9000
 1141 hyphenation exceptions out of 8191
 16i,0n,26p,121b,18s stack positions out of 10000i,1000n,20000p,200000b,200000s
/mnt/c/Users/joelk/Documents/FortgeschrittenesPraktikum/v46/vXXX.tex:1:  ==> Fatal error occurred, no output PDF file produced!
